<?xml version="1.0" encoding="UTF-8"?>
<coverage generated="1771243566929" clover="3.2.0">
    <project timestamp="1771243566929" name="All files">
        <metrics statements="3516" coveredstatements="2806" conditionals="386" coveredconditionals="282" methods="83"
                 coveredmethods="61" elements="3985" coveredelements="3149" complexity="0" loc="3516" ncloc="3516"
                 packages="29" files="72" classes="72"/>
        <package name="dgz-ui">
            <metrics statements="509" coveredstatements="0" conditionals="1" coveredconditionals="0" methods="1"
                     coveredmethods="0"/>
            <file name="tailwind.config.js" path="/home/s1/Projects/datagaze/dgz-ui/tailwind.config.js">
                <metrics statements="509" coveredstatements="0" conditionals="1" coveredconditionals="0" methods="1"
                         coveredmethods="0"/>
                <line num="1" count="0" type="cond" truecount="0" falsecount="1"/>
                <line num="2" count="0" type="stmt"/>
                <line num="3" count="0" type="stmt"/>
                <line num="4" count="0" type="stmt"/>
                <line num="5" count="0" type="stmt"/>
                <line num="6" count="0" type="stmt"/>
                <line num="7" count="0" type="stmt"/>
                <line num="8" count="0" type="stmt"/>
                <line num="9" count="0" type="stmt"/>
                <line num="10" count="0" type="stmt"/>
                <line num="11" count="0" type="stmt"/>
                <line num="12" count="0" type="stmt"/>
                <line num="13" count="0" type="stmt"/>
                <line num="14" count="0" type="stmt"/>
                <line num="15" count="0" type="stmt"/>
                <line num="16" count="0" type="stmt"/>
                <line num="17" count="0" type="stmt"/>
                <line num="18" count="0" type="stmt"/>
                <line num="19" count="0" type="stmt"/>
                <line num="20" count="0" type="stmt"/>
                <line num="21" count="0" type="stmt"/>
                <line num="22" count="0" type="stmt"/>
                <line num="23" count="0" type="stmt"/>
                <line num="24" count="0" type="stmt"/>
                <line num="25" count="0" type="stmt"/>
                <line num="26" count="0" type="stmt"/>
                <line num="27" count="0" type="stmt"/>
                <line num="28" count="0" type="stmt"/>
                <line num="29" count="0" type="stmt"/>
                <line num="30" count="0" type="stmt"/>
                <line num="31" count="0" type="stmt"/>
                <line num="32" count="0" type="stmt"/>
                <line num="33" count="0" type="stmt"/>
                <line num="34" count="0" type="stmt"/>
                <line num="35" count="0" type="stmt"/>
                <line num="36" count="0" type="stmt"/>
                <line num="37" count="0" type="stmt"/>
                <line num="38" count="0" type="stmt"/>
                <line num="39" count="0" type="stmt"/>
                <line num="40" count="0" type="stmt"/>
                <line num="41" count="0" type="stmt"/>
                <line num="42" count="0" type="stmt"/>
                <line num="43" count="0" type="stmt"/>
                <line num="44" count="0" type="stmt"/>
                <line num="45" count="0" type="stmt"/>
                <line num="46" count="0" type="stmt"/>
                <line num="47" count="0" type="stmt"/>
                <line num="48" count="0" type="stmt"/>
                <line num="49" count="0" type="stmt"/>
                <line num="50" count="0" type="stmt"/>
                <line num="51" count="0" type="stmt"/>
                <line num="52" count="0" type="stmt"/>
                <line num="53" count="0" type="stmt"/>
                <line num="54" count="0" type="stmt"/>
                <line num="55" count="0" type="stmt"/>
                <line num="56" count="0" type="stmt"/>
                <line num="57" count="0" type="stmt"/>
                <line num="58" count="0" type="stmt"/>
                <line num="59" count="0" type="stmt"/>
                <line num="60" count="0" type="stmt"/>
                <line num="61" count="0" type="stmt"/>
                <line num="62" count="0" type="stmt"/>
                <line num="63" count="0" type="stmt"/>
                <line num="64" count="0" type="stmt"/>
                <line num="65" count="0" type="stmt"/>
                <line num="66" count="0" type="stmt"/>
                <line num="67" count="0" type="stmt"/>
                <line num="68" count="0" type="stmt"/>
                <line num="69" count="0" type="stmt"/>
                <line num="70" count="0" type="stmt"/>
                <line num="71" count="0" type="stmt"/>
                <line num="72" count="0" type="stmt"/>
                <line num="73" count="0" type="stmt"/>
                <line num="74" count="0" type="stmt"/>
                <line num="75" count="0" type="stmt"/>
                <line num="76" count="0" type="stmt"/>
                <line num="77" count="0" type="stmt"/>
                <line num="78" count="0" type="stmt"/>
                <line num="79" count="0" type="stmt"/>
                <line num="80" count="0" type="stmt"/>
                <line num="81" count="0" type="stmt"/>
                <line num="82" count="0" type="stmt"/>
                <line num="83" count="0" type="stmt"/>
                <line num="84" count="0" type="stmt"/>
                <line num="85" count="0" type="stmt"/>
                <line num="86" count="0" type="stmt"/>
                <line num="87" count="0" type="stmt"/>
                <line num="88" count="0" type="stmt"/>
                <line num="89" count="0" type="stmt"/>
                <line num="90" count="0" type="stmt"/>
                <line num="91" count="0" type="stmt"/>
                <line num="92" count="0" type="stmt"/>
                <line num="93" count="0" type="stmt"/>
                <line num="94" count="0" type="stmt"/>
                <line num="95" count="0" type="stmt"/>
                <line num="96" count="0" type="stmt"/>
                <line num="97" count="0" type="stmt"/>
                <line num="98" count="0" type="stmt"/>
                <line num="99" count="0" type="stmt"/>
                <line num="100" count="0" type="stmt"/>
                <line num="101" count="0" type="stmt"/>
                <line num="102" count="0" type="stmt"/>
                <line num="103" count="0" type="stmt"/>
                <line num="104" count="0" type="stmt"/>
                <line num="105" count="0" type="stmt"/>
                <line num="106" count="0" type="stmt"/>
                <line num="107" count="0" type="stmt"/>
                <line num="108" count="0" type="stmt"/>
                <line num="109" count="0" type="stmt"/>
                <line num="110" count="0" type="stmt"/>
                <line num="111" count="0" type="stmt"/>
                <line num="112" count="0" type="stmt"/>
                <line num="113" count="0" type="stmt"/>
                <line num="114" count="0" type="stmt"/>
                <line num="115" count="0" type="stmt"/>
                <line num="116" count="0" type="stmt"/>
                <line num="117" count="0" type="stmt"/>
                <line num="118" count="0" type="stmt"/>
                <line num="119" count="0" type="stmt"/>
                <line num="120" count="0" type="stmt"/>
                <line num="121" count="0" type="stmt"/>
                <line num="122" count="0" type="stmt"/>
                <line num="123" count="0" type="stmt"/>
                <line num="124" count="0" type="stmt"/>
                <line num="125" count="0" type="stmt"/>
                <line num="126" count="0" type="stmt"/>
                <line num="127" count="0" type="stmt"/>
                <line num="128" count="0" type="stmt"/>
                <line num="129" count="0" type="stmt"/>
                <line num="130" count="0" type="stmt"/>
                <line num="131" count="0" type="stmt"/>
                <line num="132" count="0" type="stmt"/>
                <line num="133" count="0" type="stmt"/>
                <line num="134" count="0" type="stmt"/>
                <line num="135" count="0" type="stmt"/>
                <line num="136" count="0" type="stmt"/>
                <line num="137" count="0" type="stmt"/>
                <line num="138" count="0" type="stmt"/>
                <line num="139" count="0" type="stmt"/>
                <line num="140" count="0" type="stmt"/>
                <line num="141" count="0" type="stmt"/>
                <line num="142" count="0" type="stmt"/>
                <line num="143" count="0" type="stmt"/>
                <line num="144" count="0" type="stmt"/>
                <line num="145" count="0" type="stmt"/>
                <line num="146" count="0" type="stmt"/>
                <line num="147" count="0" type="stmt"/>
                <line num="148" count="0" type="stmt"/>
                <line num="149" count="0" type="stmt"/>
                <line num="150" count="0" type="stmt"/>
                <line num="151" count="0" type="stmt"/>
                <line num="152" count="0" type="stmt"/>
                <line num="153" count="0" type="stmt"/>
                <line num="154" count="0" type="stmt"/>
                <line num="155" count="0" type="stmt"/>
                <line num="156" count="0" type="stmt"/>
                <line num="157" count="0" type="stmt"/>
                <line num="158" count="0" type="stmt"/>
                <line num="160" count="0" type="stmt"/>
                <line num="161" count="0" type="stmt"/>
                <line num="162" count="0" type="stmt"/>
                <line num="163" count="0" type="stmt"/>
                <line num="164" count="0" type="stmt"/>
                <line num="165" count="0" type="stmt"/>
                <line num="166" count="0" type="stmt"/>
                <line num="167" count="0" type="stmt"/>
                <line num="168" count="0" type="stmt"/>
                <line num="169" count="0" type="stmt"/>
                <line num="170" count="0" type="stmt"/>
                <line num="171" count="0" type="stmt"/>
                <line num="172" count="0" type="stmt"/>
                <line num="173" count="0" type="stmt"/>
                <line num="174" count="0" type="stmt"/>
                <line num="175" count="0" type="stmt"/>
                <line num="176" count="0" type="stmt"/>
                <line num="177" count="0" type="stmt"/>
                <line num="178" count="0" type="stmt"/>
                <line num="179" count="0" type="stmt"/>
                <line num="180" count="0" type="stmt"/>
                <line num="181" count="0" type="stmt"/>
                <line num="182" count="0" type="stmt"/>
                <line num="183" count="0" type="stmt"/>
                <line num="184" count="0" type="stmt"/>
                <line num="185" count="0" type="stmt"/>
                <line num="186" count="0" type="stmt"/>
                <line num="187" count="0" type="stmt"/>
                <line num="188" count="0" type="stmt"/>
                <line num="189" count="0" type="stmt"/>
                <line num="190" count="0" type="stmt"/>
                <line num="191" count="0" type="stmt"/>
                <line num="192" count="0" type="stmt"/>
                <line num="193" count="0" type="stmt"/>
                <line num="194" count="0" type="stmt"/>
                <line num="195" count="0" type="stmt"/>
                <line num="196" count="0" type="stmt"/>
                <line num="197" count="0" type="stmt"/>
                <line num="198" count="0" type="stmt"/>
                <line num="199" count="0" type="stmt"/>
                <line num="200" count="0" type="stmt"/>
                <line num="201" count="0" type="stmt"/>
                <line num="202" count="0" type="stmt"/>
                <line num="203" count="0" type="stmt"/>
                <line num="204" count="0" type="stmt"/>
                <line num="205" count="0" type="stmt"/>
                <line num="206" count="0" type="stmt"/>
                <line num="207" count="0" type="stmt"/>
                <line num="208" count="0" type="stmt"/>
                <line num="209" count="0" type="stmt"/>
                <line num="210" count="0" type="stmt"/>
                <line num="211" count="0" type="stmt"/>
                <line num="212" count="0" type="stmt"/>
                <line num="213" count="0" type="stmt"/>
                <line num="214" count="0" type="stmt"/>
                <line num="215" count="0" type="stmt"/>
                <line num="216" count="0" type="stmt"/>
                <line num="217" count="0" type="stmt"/>
                <line num="218" count="0" type="stmt"/>
                <line num="219" count="0" type="stmt"/>
                <line num="220" count="0" type="stmt"/>
                <line num="221" count="0" type="stmt"/>
                <line num="222" count="0" type="stmt"/>
                <line num="223" count="0" type="stmt"/>
                <line num="224" count="0" type="stmt"/>
                <line num="225" count="0" type="stmt"/>
                <line num="226" count="0" type="stmt"/>
                <line num="227" count="0" type="stmt"/>
                <line num="228" count="0" type="stmt"/>
                <line num="229" count="0" type="stmt"/>
                <line num="230" count="0" type="stmt"/>
                <line num="231" count="0" type="stmt"/>
                <line num="232" count="0" type="stmt"/>
                <line num="233" count="0" type="stmt"/>
                <line num="234" count="0" type="stmt"/>
                <line num="235" count="0" type="stmt"/>
                <line num="236" count="0" type="stmt"/>
                <line num="237" count="0" type="stmt"/>
                <line num="238" count="0" type="stmt"/>
                <line num="239" count="0" type="stmt"/>
                <line num="240" count="0" type="stmt"/>
                <line num="241" count="0" type="stmt"/>
                <line num="242" count="0" type="stmt"/>
                <line num="243" count="0" type="stmt"/>
                <line num="244" count="0" type="stmt"/>
                <line num="245" count="0" type="stmt"/>
                <line num="246" count="0" type="stmt"/>
                <line num="247" count="0" type="stmt"/>
                <line num="248" count="0" type="stmt"/>
                <line num="249" count="0" type="stmt"/>
                <line num="250" count="0" type="stmt"/>
                <line num="251" count="0" type="stmt"/>
                <line num="252" count="0" type="stmt"/>
                <line num="253" count="0" type="stmt"/>
                <line num="254" count="0" type="stmt"/>
                <line num="255" count="0" type="stmt"/>
                <line num="256" count="0" type="stmt"/>
                <line num="257" count="0" type="stmt"/>
                <line num="258" count="0" type="stmt"/>
                <line num="259" count="0" type="stmt"/>
                <line num="260" count="0" type="stmt"/>
                <line num="261" count="0" type="stmt"/>
                <line num="262" count="0" type="stmt"/>
                <line num="263" count="0" type="stmt"/>
                <line num="264" count="0" type="stmt"/>
                <line num="265" count="0" type="stmt"/>
                <line num="266" count="0" type="stmt"/>
                <line num="267" count="0" type="stmt"/>
                <line num="268" count="0" type="stmt"/>
                <line num="269" count="0" type="stmt"/>
                <line num="270" count="0" type="stmt"/>
                <line num="271" count="0" type="stmt"/>
                <line num="272" count="0" type="stmt"/>
                <line num="273" count="0" type="stmt"/>
                <line num="274" count="0" type="stmt"/>
                <line num="275" count="0" type="stmt"/>
                <line num="276" count="0" type="stmt"/>
                <line num="277" count="0" type="stmt"/>
                <line num="278" count="0" type="stmt"/>
                <line num="279" count="0" type="stmt"/>
                <line num="280" count="0" type="stmt"/>
                <line num="281" count="0" type="stmt"/>
                <line num="282" count="0" type="stmt"/>
                <line num="283" count="0" type="stmt"/>
                <line num="284" count="0" type="stmt"/>
                <line num="285" count="0" type="stmt"/>
                <line num="286" count="0" type="stmt"/>
                <line num="287" count="0" type="stmt"/>
                <line num="288" count="0" type="stmt"/>
                <line num="289" count="0" type="stmt"/>
                <line num="290" count="0" type="stmt"/>
                <line num="291" count="0" type="stmt"/>
                <line num="292" count="0" type="stmt"/>
                <line num="293" count="0" type="stmt"/>
                <line num="294" count="0" type="stmt"/>
                <line num="295" count="0" type="stmt"/>
                <line num="296" count="0" type="stmt"/>
                <line num="297" count="0" type="stmt"/>
                <line num="298" count="0" type="stmt"/>
                <line num="299" count="0" type="stmt"/>
                <line num="300" count="0" type="stmt"/>
                <line num="301" count="0" type="stmt"/>
                <line num="302" count="0" type="stmt"/>
                <line num="303" count="0" type="stmt"/>
                <line num="304" count="0" type="stmt"/>
                <line num="305" count="0" type="stmt"/>
                <line num="306" count="0" type="stmt"/>
                <line num="307" count="0" type="stmt"/>
                <line num="308" count="0" type="stmt"/>
                <line num="309" count="0" type="stmt"/>
                <line num="310" count="0" type="stmt"/>
                <line num="311" count="0" type="stmt"/>
                <line num="312" count="0" type="stmt"/>
                <line num="313" count="0" type="stmt"/>
                <line num="314" count="0" type="stmt"/>
                <line num="315" count="0" type="stmt"/>
                <line num="316" count="0" type="stmt"/>
                <line num="317" count="0" type="stmt"/>
                <line num="318" count="0" type="stmt"/>
                <line num="319" count="0" type="stmt"/>
                <line num="320" count="0" type="stmt"/>
                <line num="321" count="0" type="stmt"/>
                <line num="322" count="0" type="stmt"/>
                <line num="323" count="0" type="stmt"/>
                <line num="324" count="0" type="stmt"/>
                <line num="325" count="0" type="stmt"/>
                <line num="326" count="0" type="stmt"/>
                <line num="327" count="0" type="stmt"/>
                <line num="328" count="0" type="stmt"/>
                <line num="329" count="0" type="stmt"/>
                <line num="330" count="0" type="stmt"/>
                <line num="331" count="0" type="stmt"/>
                <line num="332" count="0" type="stmt"/>
                <line num="333" count="0" type="stmt"/>
                <line num="334" count="0" type="stmt"/>
                <line num="335" count="0" type="stmt"/>
                <line num="336" count="0" type="stmt"/>
                <line num="337" count="0" type="stmt"/>
                <line num="338" count="0" type="stmt"/>
                <line num="339" count="0" type="stmt"/>
                <line num="340" count="0" type="stmt"/>
                <line num="341" count="0" type="stmt"/>
                <line num="342" count="0" type="stmt"/>
                <line num="343" count="0" type="stmt"/>
                <line num="344" count="0" type="stmt"/>
                <line num="345" count="0" type="stmt"/>
                <line num="346" count="0" type="stmt"/>
                <line num="347" count="0" type="stmt"/>
                <line num="348" count="0" type="stmt"/>
                <line num="349" count="0" type="stmt"/>
                <line num="350" count="0" type="stmt"/>
                <line num="351" count="0" type="stmt"/>
                <line num="352" count="0" type="stmt"/>
                <line num="353" count="0" type="stmt"/>
                <line num="354" count="0" type="stmt"/>
                <line num="355" count="0" type="stmt"/>
                <line num="356" count="0" type="stmt"/>
                <line num="357" count="0" type="stmt"/>
                <line num="358" count="0" type="stmt"/>
                <line num="359" count="0" type="stmt"/>
                <line num="360" count="0" type="stmt"/>
                <line num="361" count="0" type="stmt"/>
                <line num="362" count="0" type="stmt"/>
                <line num="363" count="0" type="stmt"/>
                <line num="364" count="0" type="stmt"/>
                <line num="365" count="0" type="stmt"/>
                <line num="366" count="0" type="stmt"/>
                <line num="367" count="0" type="stmt"/>
                <line num="368" count="0" type="stmt"/>
                <line num="369" count="0" type="stmt"/>
                <line num="370" count="0" type="stmt"/>
                <line num="371" count="0" type="stmt"/>
                <line num="372" count="0" type="stmt"/>
                <line num="373" count="0" type="stmt"/>
                <line num="374" count="0" type="stmt"/>
                <line num="375" count="0" type="stmt"/>
                <line num="376" count="0" type="stmt"/>
                <line num="377" count="0" type="stmt"/>
                <line num="378" count="0" type="stmt"/>
                <line num="379" count="0" type="stmt"/>
                <line num="380" count="0" type="stmt"/>
                <line num="381" count="0" type="stmt"/>
                <line num="382" count="0" type="stmt"/>
                <line num="383" count="0" type="stmt"/>
                <line num="384" count="0" type="stmt"/>
                <line num="385" count="0" type="stmt"/>
                <line num="386" count="0" type="stmt"/>
                <line num="387" count="0" type="stmt"/>
                <line num="388" count="0" type="stmt"/>
                <line num="389" count="0" type="stmt"/>
                <line num="390" count="0" type="stmt"/>
                <line num="391" count="0" type="stmt"/>
                <line num="392" count="0" type="stmt"/>
                <line num="393" count="0" type="stmt"/>
                <line num="394" count="0" type="stmt"/>
                <line num="395" count="0" type="stmt"/>
                <line num="396" count="0" type="stmt"/>
                <line num="397" count="0" type="stmt"/>
                <line num="398" count="0" type="stmt"/>
                <line num="399" count="0" type="stmt"/>
                <line num="400" count="0" type="stmt"/>
                <line num="401" count="0" type="stmt"/>
                <line num="402" count="0" type="stmt"/>
                <line num="403" count="0" type="stmt"/>
                <line num="404" count="0" type="stmt"/>
                <line num="405" count="0" type="stmt"/>
                <line num="406" count="0" type="stmt"/>
                <line num="407" count="0" type="stmt"/>
                <line num="408" count="0" type="stmt"/>
                <line num="409" count="0" type="stmt"/>
                <line num="410" count="0" type="stmt"/>
                <line num="411" count="0" type="stmt"/>
                <line num="412" count="0" type="stmt"/>
                <line num="413" count="0" type="stmt"/>
                <line num="414" count="0" type="stmt"/>
                <line num="415" count="0" type="stmt"/>
                <line num="416" count="0" type="stmt"/>
                <line num="417" count="0" type="stmt"/>
                <line num="418" count="0" type="stmt"/>
                <line num="419" count="0" type="stmt"/>
                <line num="420" count="0" type="stmt"/>
                <line num="421" count="0" type="stmt"/>
                <line num="422" count="0" type="stmt"/>
                <line num="423" count="0" type="stmt"/>
                <line num="424" count="0" type="stmt"/>
                <line num="425" count="0" type="stmt"/>
                <line num="426" count="0" type="stmt"/>
                <line num="427" count="0" type="stmt"/>
                <line num="428" count="0" type="stmt"/>
                <line num="429" count="0" type="stmt"/>
                <line num="430" count="0" type="stmt"/>
                <line num="431" count="0" type="stmt"/>
                <line num="432" count="0" type="stmt"/>
                <line num="433" count="0" type="stmt"/>
                <line num="434" count="0" type="stmt"/>
                <line num="435" count="0" type="stmt"/>
                <line num="436" count="0" type="stmt"/>
                <line num="437" count="0" type="stmt"/>
                <line num="438" count="0" type="stmt"/>
                <line num="439" count="0" type="stmt"/>
                <line num="440" count="0" type="stmt"/>
                <line num="441" count="0" type="stmt"/>
                <line num="442" count="0" type="stmt"/>
                <line num="443" count="0" type="stmt"/>
                <line num="444" count="0" type="stmt"/>
                <line num="445" count="0" type="stmt"/>
                <line num="446" count="0" type="stmt"/>
                <line num="447" count="0" type="stmt"/>
                <line num="448" count="0" type="stmt"/>
                <line num="449" count="0" type="stmt"/>
                <line num="450" count="0" type="stmt"/>
                <line num="451" count="0" type="stmt"/>
                <line num="452" count="0" type="stmt"/>
                <line num="453" count="0" type="stmt"/>
                <line num="454" count="0" type="stmt"/>
                <line num="455" count="0" type="stmt"/>
                <line num="456" count="0" type="stmt"/>
                <line num="457" count="0" type="stmt"/>
                <line num="458" count="0" type="stmt"/>
                <line num="459" count="0" type="stmt"/>
                <line num="460" count="0" type="stmt"/>
                <line num="461" count="0" type="stmt"/>
                <line num="462" count="0" type="stmt"/>
                <line num="463" count="0" type="stmt"/>
                <line num="464" count="0" type="stmt"/>
                <line num="465" count="0" type="stmt"/>
                <line num="466" count="0" type="stmt"/>
                <line num="467" count="0" type="stmt"/>
                <line num="468" count="0" type="stmt"/>
                <line num="469" count="0" type="stmt"/>
                <line num="470" count="0" type="stmt"/>
                <line num="471" count="0" type="stmt"/>
                <line num="472" count="0" type="stmt"/>
                <line num="473" count="0" type="stmt"/>
                <line num="474" count="0" type="stmt"/>
                <line num="475" count="0" type="stmt"/>
                <line num="476" count="0" type="stmt"/>
                <line num="477" count="0" type="stmt"/>
                <line num="478" count="0" type="stmt"/>
                <line num="479" count="0" type="stmt"/>
                <line num="480" count="0" type="stmt"/>
                <line num="481" count="0" type="stmt"/>
                <line num="482" count="0" type="stmt"/>
                <line num="483" count="0" type="stmt"/>
                <line num="484" count="0" type="stmt"/>
                <line num="485" count="0" type="stmt"/>
                <line num="486" count="0" type="stmt"/>
                <line num="487" count="0" type="stmt"/>
                <line num="488" count="0" type="stmt"/>
                <line num="489" count="0" type="stmt"/>
                <line num="490" count="0" type="stmt"/>
                <line num="491" count="0" type="stmt"/>
                <line num="492" count="0" type="stmt"/>
                <line num="493" count="0" type="stmt"/>
                <line num="494" count="0" type="stmt"/>
                <line num="495" count="0" type="stmt"/>
                <line num="496" count="0" type="stmt"/>
                <line num="497" count="0" type="stmt"/>
                <line num="498" count="0" type="stmt"/>
                <line num="499" count="0" type="stmt"/>
                <line num="500" count="0" type="stmt"/>
                <line num="501" count="0" type="stmt"/>
                <line num="502" count="0" type="stmt"/>
                <line num="503" count="0" type="stmt"/>
                <line num="504" count="0" type="stmt"/>
                <line num="505" count="0" type="stmt"/>
                <line num="506" count="0" type="stmt"/>
                <line num="507" count="0" type="stmt"/>
                <line num="508" count="0" type="stmt"/>
                <line num="509" count="0" type="stmt"/>
                <line num="510" count="0" type="stmt"/>
            </file>
        </package>
        <package name="dgz-ui.src">
            <metrics statements="90" coveredstatements="0" conditionals="3" coveredconditionals="1" methods="3"
                     coveredmethods="1"/>
            <file name="App.tsx" path="/home/s1/Projects/datagaze/dgz-ui/src/App.tsx">
                <metrics statements="62" coveredstatements="0" conditionals="1" coveredconditionals="0" methods="1"
                         coveredmethods="0"/>
                <line num="1" count="0" type="cond" truecount="0" falsecount="1"/>
                <line num="2" count="0" type="stmt"/>
                <line num="17" count="0" type="stmt"/>
                <line num="18" count="0" type="stmt"/>
                <line num="19" count="0" type="stmt"/>
                <line num="20" count="0" type="stmt"/>
                <line num="21" count="0" type="stmt"/>
                <line num="22" count="0" type="stmt"/>
                <line num="23" count="0" type="stmt"/>
                <line num="24" count="0" type="stmt"/>
                <line num="25" count="0" type="stmt"/>
                <line num="26" count="0" type="stmt"/>
                <line num="27" count="0" type="stmt"/>
                <line num="28" count="0" type="stmt"/>
                <line num="29" count="0" type="stmt"/>
                <line num="30" count="0" type="stmt"/>
                <line num="31" count="0" type="stmt"/>
                <line num="32" count="0" type="stmt"/>
                <line num="33" count="0" type="stmt"/>
                <line num="34" count="0" type="stmt"/>
                <line num="35" count="0" type="stmt"/>
                <line num="36" count="0" type="stmt"/>
                <line num="37" count="0" type="stmt"/>
                <line num="38" count="0" type="stmt"/>
                <line num="39" count="0" type="stmt"/>
                <line num="40" count="0" type="stmt"/>
                <line num="41" count="0" type="stmt"/>
                <line num="42" count="0" type="stmt"/>
                <line num="43" count="0" type="stmt"/>
                <line num="44" count="0" type="stmt"/>
                <line num="45" count="0" type="stmt"/>
                <line num="46" count="0" type="stmt"/>
                <line num="47" count="0" type="stmt"/>
                <line num="48" count="0" type="stmt"/>
                <line num="49" count="0" type="stmt"/>
                <line num="50" count="0" type="stmt"/>
                <line num="51" count="0" type="stmt"/>
                <line num="52" count="0" type="stmt"/>
                <line num="53" count="0" type="stmt"/>
                <line num="54" count="0" type="stmt"/>
                <line num="55" count="0" type="stmt"/>
                <line num="56" count="0" type="stmt"/>
                <line num="57" count="0" type="stmt"/>
                <line num="58" count="0" type="stmt"/>
                <line num="59" count="0" type="stmt"/>
                <line num="60" count="0" type="stmt"/>
                <line num="61" count="0" type="stmt"/>
                <line num="62" count="0" type="stmt"/>
                <line num="63" count="0" type="stmt"/>
                <line num="64" count="0" type="stmt"/>
                <line num="65" count="0" type="stmt"/>
                <line num="66" count="0" type="stmt"/>
                <line num="67" count="0" type="stmt"/>
                <line num="68" count="0" type="stmt"/>
                <line num="69" count="0" type="stmt"/>
                <line num="70" count="0" type="stmt"/>
                <line num="71" count="0" type="stmt"/>
                <line num="72" count="0" type="stmt"/>
                <line num="73" count="0" type="stmt"/>
                <line num="74" count="0" type="stmt"/>
                <line num="76" count="0" type="stmt"/>
                <line num="78" count="0" type="stmt"/>
            </file>
            <file name="index.ts" path="/home/s1/Projects/datagaze/dgz-ui/src/index.ts">
                <metrics statements="24" coveredstatements="0" conditionals="1" coveredconditionals="1" methods="1"
                         coveredmethods="1"/>
                <line num="6" count="0" type="stmt"/>
                <line num="7" count="0" type="stmt"/>
                <line num="8" count="0" type="stmt"/>
                <line num="9" count="0" type="stmt"/>
                <line num="10" count="0" type="stmt"/>
                <line num="11" count="0" type="stmt"/>
                <line num="12" count="0" type="stmt"/>
                <line num="13" count="0" type="stmt"/>
                <line num="14" count="0" type="stmt"/>
                <line num="15" count="0" type="stmt"/>
                <line num="16" count="0" type="stmt"/>
                <line num="17" count="0" type="stmt"/>
                <line num="18" count="0" type="stmt"/>
                <line num="19" count="0" type="stmt"/>
                <line num="20" count="0" type="stmt"/>
                <line num="21" count="0" type="stmt"/>
                <line num="22" count="0" type="stmt"/>
                <line num="23" count="0" type="stmt"/>
                <line num="24" count="0" type="stmt"/>
                <line num="25" count="0" type="stmt"/>
                <line num="26" count="0" type="stmt"/>
                <line num="29" count="0" type="stmt"/>
                <line num="30" count="0" type="stmt"/>
                <line num="32" count="0" type="stmt"/>
            </file>
            <file name="main.tsx" path="/home/s1/Projects/datagaze/dgz-ui/src/main.tsx">
                <metrics statements="4" coveredstatements="0" conditionals="1" coveredconditionals="0" methods="1"
                         coveredmethods="0"/>
                <line num="1" count="0" type="cond" truecount="0" falsecount="1"/>
                <line num="2" count="0" type="stmt"/>
                <line num="3" count="0" type="stmt"/>
                <line num="5" count="0" type="stmt"/>
            </file>
        </package>
        <package name="dgz-ui.src.hooks">
            <metrics statements="15" coveredstatements="0" conditionals="1" coveredconditionals="0" methods="1"
                     coveredmethods="0"/>
            <file name="use-mobile.ts" path="/home/s1/Projects/datagaze/dgz-ui/src/hooks/use-mobile.ts">
                <metrics statements="15" coveredstatements="0" conditionals="1" coveredconditionals="0" methods="1"
                         coveredmethods="0"/>
                <line num="1" count="0" type="cond" truecount="0" falsecount="1"/>
                <line num="3" count="0" type="stmt"/>
                <line num="11" count="0" type="stmt"/>
                <line num="12" count="0" type="stmt"/>
                <line num="14" count="0" type="stmt"/>
                <line num="15" count="0" type="stmt"/>
                <line num="16" count="0" type="stmt"/>
                <line num="17" count="0" type="stmt"/>
                <line num="18" count="0" type="stmt"/>
                <line num="19" count="0" type="stmt"/>
                <line num="20" count="0" type="stmt"/>
                <line num="21" count="0" type="stmt"/>
                <line num="22" count="0" type="stmt"/>
                <line num="24" count="0" type="stmt"/>
                <line num="25" count="0" type="stmt"/>
            </file>
        </package>
        <package name="dgz-ui.src.lib">
            <metrics statements="10" coveredstatements="10" conditionals="3" coveredconditionals="1" methods="1"
                     coveredmethods="1"/>
            <file name="day.ts" path="/home/s1/Projects/datagaze/dgz-ui/src/lib/day.ts">
                <metrics statements="4" coveredstatements="4" conditionals="2" coveredconditionals="0" methods="0"
                         coveredmethods="0"/>
                <line num="1" count="1" type="cond" truecount="0" falsecount="1"/>
                <line num="2" count="1" type="cond" truecount="0" falsecount="1"/>
                <line num="4" count="1" type="stmt"/>
                <line num="10" count="1" type="stmt"/>
            </file>
            <file name="index.ts" path="/home/s1/Projects/datagaze/dgz-ui/src/lib/index.ts">
                <metrics statements="1" coveredstatements="1" conditionals="0" coveredconditionals="0" methods="0"
                         coveredmethods="0"/>
                <line num="4" count="1" type="stmt"/>
            </file>
            <file name="utils.ts" path="/home/s1/Projects/datagaze/dgz-ui/src/lib/utils.ts">
                <metrics statements="5" coveredstatements="5" conditionals="1" coveredconditionals="1" methods="1"
                         coveredmethods="1"/>
                <line num="1" count="1" type="stmt"/>
                <line num="2" count="1" type="stmt"/>
                <line num="11" count="1" type="cond" truecount="1" falsecount="0"/>
                <line num="12" count="1701" type="stmt"/>
                <line num="13" count="1701" type="stmt"/>
            </file>
        </package>
        <package name="dgz-ui.src.types">
            <metrics statements="1" coveredstatements="0" conditionals="2" coveredconditionals="1" methods="2"
                     coveredmethods="1"/>
            <file name="element-data.type.ts" path="/home/s1/Projects/datagaze/dgz-ui/src/types/element-data.type.ts">
                <metrics statements="0" coveredstatements="0" conditionals="1" coveredconditionals="1" methods="1"
                         coveredmethods="1"/>
            </file>
            <file name="index.ts" path="/home/s1/Projects/datagaze/dgz-ui/src/types/index.ts">
                <metrics statements="1" coveredstatements="0" conditionals="1" coveredconditionals="0" methods="1"
                         coveredmethods="0"/>
                <line num="1" count="0" type="cond" truecount="0" falsecount="1"/>
            </file>
        </package>
        <package name="dgz-ui.src.ui.accordion">
            <metrics statements="54" coveredstatements="54" conditionals="8" coveredconditionals="5" methods="4"
                     coveredmethods="4"/>
            <file name="accordion.tsx" path="/home/s1/Projects/datagaze/dgz-ui/src/ui/accordion/accordion.tsx">
                <metrics statements="53" coveredstatements="53" conditionals="8" coveredconditionals="5" methods="4"
                         coveredmethods="4"/>
                <line num="1" count="1" type="stmt"/>
                <line num="2" count="1" type="stmt"/>
                <line num="3" count="1" type="cond" truecount="1" falsecount="3"/>
                <line num="4" count="1" type="stmt"/>
                <line num="29" count="4" type="cond" truecount="1" falsecount="0"/>
                <line num="30" count="4" type="stmt"/>
                <line num="31" count="4" type="stmt"/>
                <line num="32" count="4" type="stmt"/>
                <line num="33" count="4" type="stmt"/>
                <line num="45" count="12" type="cond" truecount="1" falsecount="0"/>
                <line num="46" count="12" type="stmt"/>
                <line num="47" count="12" type="stmt"/>
                <line num="48" count="12" type="stmt"/>
                <line num="49" count="12" type="stmt"/>
                <line num="50" count="12" type="stmt"/>
                <line num="51" count="12" type="stmt"/>
                <line num="52" count="12" type="stmt"/>
                <line num="53" count="12" type="stmt"/>
                <line num="54" count="12" type="stmt"/>
                <line num="56" count="12" type="stmt"/>
                <line num="74" count="12" type="cond" truecount="1" falsecount="0"/>
                <line num="75" count="12" type="stmt"/>
                <line num="76" count="12" type="stmt"/>
                <line num="77" count="12" type="stmt"/>
                <line num="78" count="12" type="stmt"/>
                <line num="79" count="12" type="stmt"/>
                <line num="80" count="12" type="stmt"/>
                <line num="81" count="12" type="stmt"/>
                <line num="82" count="12" type="stmt"/>
                <line num="83" count="12" type="stmt"/>
                <line num="84" count="12" type="stmt"/>
                <line num="85" count="12" type="stmt"/>
                <line num="86" count="12" type="stmt"/>
                <line num="87" count="12" type="stmt"/>
                <line num="89" count="12" type="stmt"/>
                <line num="90" count="12" type="stmt"/>
                <line num="91" count="12" type="stmt"/>
                <line num="92" count="12" type="stmt"/>
                <line num="94" count="12" type="stmt"/>
                <line num="108" count="12" type="cond" truecount="1" falsecount="0"/>
                <line num="109" count="12" type="stmt"/>
                <line num="110" count="12" type="stmt"/>
                <line num="111" count="12" type="stmt"/>
                <line num="112" count="12" type="stmt"/>
                <line num="113" count="12" type="stmt"/>
                <line num="114" count="12" type="stmt"/>
                <line num="115" count="12" type="stmt"/>
                <line num="116" count="12" type="stmt"/>
                <line num="117" count="12" type="stmt"/>
                <line num="119" count="12" type="stmt"/>
                <line num="120" count="12" type="stmt"/>
                <line num="122" count="12" type="stmt"/>
                <line num="124" count="1" type="stmt"/>
            </file>
            <file name="index.ts" path="/home/s1/Projects/datagaze/dgz-ui/src/ui/accordion/index.ts">
                <metrics statements="1" coveredstatements="1" conditionals="0" coveredconditionals="0" methods="0"
                         coveredmethods="0"/>
                <line num="1" count="1" type="stmt"/>
            </file>
        </package>
        <package name="dgz-ui.src.ui.alert">
            <metrics statements="50" coveredstatements="50" conditionals="7" coveredconditionals="4" methods="0"
                     coveredmethods="0"/>
            <file name="alert.tsx" path="/home/s1/Projects/datagaze/dgz-ui/src/ui/alert/alert.tsx">
                <metrics statements="49" coveredstatements="49" conditionals="7" coveredconditionals="4" methods="0"
                         coveredmethods="0"/>
                <line num="1" count="1" type="stmt"/>
                <line num="2" count="1" type="cond" truecount="1" falsecount="3"/>
                <line num="3" count="1" type="stmt"/>
                <line num="11" count="1" type="stmt"/>
                <line num="12" count="1" type="stmt"/>
                <line num="13" count="1" type="stmt"/>
                <line num="14" count="1" type="stmt"/>
                <line num="15" count="1" type="stmt"/>
                <line num="16" count="1" type="stmt"/>
                <line num="17" count="1" type="stmt"/>
                <line num="18" count="1" type="stmt"/>
                <line num="19" count="1" type="stmt"/>
                <line num="20" count="1" type="stmt"/>
                <line num="21" count="1" type="stmt"/>
                <line num="22" count="1" type="stmt"/>
                <line num="23" count="1" type="stmt"/>
                <line num="24" count="1" type="stmt"/>
                <line num="25" count="1" type="stmt"/>
                <line num="26" count="1" type="stmt"/>
                <line num="27" count="1" type="stmt"/>
                <line num="36" count="1" type="stmt"/>
                <line num="39" count="1" type="cond" truecount="1" falsecount="0"/>
                <line num="40" count="7" type="stmt"/>
                <line num="41" count="7" type="stmt"/>
                <line num="42" count="7" type="stmt"/>
                <line num="43" count="7" type="stmt"/>
                <line num="44" count="7" type="stmt"/>
                <line num="45" count="7" type="stmt"/>
                <line num="46" count="7" type="stmt"/>
                <line num="47" count="1" type="stmt"/>
                <line num="52" count="1" type="stmt"/>
                <line num="55" count="1" type="cond" truecount="1" falsecount="0"/>
                <line num="56" count="7" type="stmt"/>
                <line num="57" count="7" type="stmt"/>
                <line num="58" count="7" type="stmt"/>
                <line num="59" count="7" type="stmt"/>
                <line num="60" count="7" type="stmt"/>
                <line num="61" count="7" type="stmt"/>
                <line num="62" count="1" type="stmt"/>
                <line num="67" count="1" type="stmt"/>
                <line num="70" count="1" type="cond" truecount="1" falsecount="0"/>
                <line num="71" count="7" type="stmt"/>
                <line num="72" count="7" type="stmt"/>
                <line num="73" count="7" type="stmt"/>
                <line num="74" count="7" type="stmt"/>
                <line num="75" count="7" type="stmt"/>
                <line num="76" count="7" type="stmt"/>
                <line num="77" count="1" type="stmt"/>
                <line num="79" count="1" type="stmt"/>
            </file>
            <file name="index.ts" path="/home/s1/Projects/datagaze/dgz-ui/src/ui/alert/index.ts">
                <metrics statements="1" coveredstatements="1" conditionals="0" coveredconditionals="0" methods="0"
                         coveredmethods="0"/>
                <line num="1" count="1" type="stmt"/>
            </file>
        </package>
        <package name="dgz-ui.src.ui.alert-dialog">
            <metrics statements="102" coveredstatements="102" conditionals="12" coveredconditionals="9" methods="2"
                     coveredmethods="2"/>
            <file name="alert-dialog.tsx" path="/home/s1/Projects/datagaze/dgz-ui/src/ui/alert-dialog/alert-dialog.tsx">
                <metrics statements="101" coveredstatements="101" conditionals="12" coveredconditionals="9" methods="2"
                         coveredmethods="2"/>
                <line num="1" count="1" type="stmt"/>
                <line num="2" count="1" type="cond" truecount="1" falsecount="3"/>
                <line num="3" count="1" type="stmt"/>
                <line num="4" count="1" type="stmt"/>
                <line num="9" count="1" type="stmt"/>
                <line num="14" count="1" type="stmt"/>
                <line num="19" count="1" type="stmt"/>
                <line num="25" count="1" type="stmt"/>
                <line num="28" count="1" type="cond" truecount="1" falsecount="0"/>
                <line num="29" count="2" type="stmt"/>
                <line num="30" count="2" type="stmt"/>
                <line num="31" count="2" type="stmt"/>
                <line num="32" count="2" type="stmt"/>
                <line num="33" count="2" type="stmt"/>
                <line num="34" count="2" type="stmt"/>
                <line num="35" count="2" type="stmt"/>
                <line num="36" count="2" type="stmt"/>
                <line num="37" count="2" type="stmt"/>
                <line num="38" count="1" type="stmt"/>
                <line num="44" count="1" type="stmt"/>
                <line num="47" count="1" type="cond" truecount="1" falsecount="0"/>
                <line num="48" count="6" type="stmt"/>
                <line num="49" count="6" type="stmt"/>
                <line num="50" count="6" type="stmt"/>
                <line num="51" count="6" type="stmt"/>
                <line num="52" count="6" type="stmt"/>
                <line num="53" count="6" type="stmt"/>
                <line num="54" count="6" type="stmt"/>
                <line num="55" count="6" type="stmt"/>
                <line num="56" count="6" type="stmt"/>
                <line num="57" count="6" type="stmt"/>
                <line num="58" count="6" type="stmt"/>
                <line num="59" count="1" type="stmt"/>
                <line num="60" count="1" type="stmt"/>
                <line num="66" count="1" type="cond" truecount="1" falsecount="0"/>
                <line num="67" count="1" type="stmt"/>
                <line num="68" count="1" type="stmt"/>
                <line num="69" count="1" type="stmt"/>
                <line num="70" count="1" type="stmt"/>
                <line num="71" count="1" type="stmt"/>
                <line num="72" count="1" type="stmt"/>
                <line num="73" count="1" type="stmt"/>
                <line num="74" count="1" type="stmt"/>
                <line num="75" count="1" type="stmt"/>
                <line num="76" count="1" type="stmt"/>
                <line num="78" count="1" type="stmt"/>
                <line num="84" count="1" type="cond" truecount="1" falsecount="0"/>
                <line num="85" count="1" type="stmt"/>
                <line num="86" count="1" type="stmt"/>
                <line num="87" count="1" type="stmt"/>
                <line num="88" count="1" type="stmt"/>
                <line num="90" count="1" type="stmt"/>
                <line num="96" count="1" type="stmt"/>
                <line num="99" count="1" type="cond" truecount="1" falsecount="0"/>
                <line num="100" count="1" type="stmt"/>
                <line num="101" count="1" type="stmt"/>
                <line num="102" count="1" type="stmt"/>
                <line num="103" count="1" type="stmt"/>
                <line num="104" count="1" type="stmt"/>
                <line num="105" count="1" type="stmt"/>
                <line num="106" count="1" type="stmt"/>
                <line num="112" count="1" type="stmt"/>
                <line num="115" count="1" type="cond" truecount="1" falsecount="0"/>
                <line num="116" count="1" type="stmt"/>
                <line num="117" count="1" type="stmt"/>
                <line num="118" count="1" type="stmt"/>
                <line num="119" count="1" type="stmt"/>
                <line num="120" count="1" type="stmt"/>
                <line num="121" count="1" type="stmt"/>
                <line num="122" count="1" type="stmt"/>
                <line num="123" count="1" type="stmt"/>
                <line num="129" count="1" type="stmt"/>
                <line num="132" count="1" type="cond" truecount="1" falsecount="0"/>
                <line num="133" count="1" type="stmt"/>
                <line num="134" count="1" type="stmt"/>
                <line num="135" count="1" type="stmt"/>
                <line num="136" count="1" type="stmt"/>
                <line num="137" count="1" type="stmt"/>
                <line num="138" count="1" type="stmt"/>
                <line num="139" count="1" type="stmt"/>
                <line num="145" count="1" type="stmt"/>
                <line num="148" count="1" type="cond" truecount="1" falsecount="0"/>
                <line num="149" count="1" type="stmt"/>
                <line num="150" count="1" type="stmt"/>
                <line num="151" count="1" type="stmt"/>
                <line num="152" count="1" type="stmt"/>
                <line num="153" count="1" type="stmt"/>
                <line num="154" count="1" type="stmt"/>
                <line num="155" count="1" type="stmt"/>
                <line num="157" count="1" type="stmt"/>
                <line num="158" count="1" type="stmt"/>
                <line num="159" count="1" type="stmt"/>
                <line num="160" count="1" type="stmt"/>
                <line num="161" count="1" type="stmt"/>
                <line num="162" count="1" type="stmt"/>
                <line num="163" count="1" type="stmt"/>
                <line num="164" count="1" type="stmt"/>
                <line num="165" count="1" type="stmt"/>
                <line num="166" count="1" type="stmt"/>
                <line num="167" count="1" type="stmt"/>
                <line num="168" count="1" type="stmt"/>
            </file>
            <file name="index.ts" path="/home/s1/Projects/datagaze/dgz-ui/src/ui/alert-dialog/index.ts">
                <metrics statements="1" coveredstatements="1" conditionals="0" coveredconditionals="0" methods="0"
                         coveredmethods="0"/>
                <line num="1" count="1" type="stmt"/>
            </file>
        </package>
        <package name="dgz-ui.src.ui.avatar">
            <metrics statements="52" coveredstatements="52" conditionals="7" coveredconditionals="4" methods="0"
                     coveredmethods="0"/>
            <file name="avatar.tsx" path="/home/s1/Projects/datagaze/dgz-ui/src/ui/avatar/avatar.tsx">
                <metrics statements="51" coveredstatements="51" conditionals="7" coveredconditionals="4" methods="0"
                         coveredmethods="0"/>
                <line num="1" count="1" type="stmt"/>
                <line num="2" count="1" type="cond" truecount="1" falsecount="3"/>
                <line num="4" count="1" type="stmt"/>
                <line num="5" count="1" type="stmt"/>
                <line num="11" count="1" type="stmt"/>
                <line num="12" count="1" type="stmt"/>
                <line num="13" count="1" type="stmt"/>
                <line num="14" count="1" type="stmt"/>
                <line num="15" count="1" type="stmt"/>
                <line num="17" count="1" type="stmt"/>
                <line num="19" count="1" type="stmt"/>
                <line num="21" count="1" type="stmt"/>
                <line num="23" count="1" type="stmt"/>
                <line num="25" count="1" type="stmt"/>
                <line num="26" count="1" type="stmt"/>
                <line num="27" count="1" type="stmt"/>
                <line num="28" count="1" type="stmt"/>
                <line num="29" count="1" type="stmt"/>
                <line num="30" count="1" type="stmt"/>
                <line num="31" count="1" type="stmt"/>
                <line num="32" count="1" type="stmt"/>
                <line num="67" count="1" type="stmt"/>
                <line num="70" count="1" type="cond" truecount="1" falsecount="0"/>
                <line num="71" count="15" type="stmt"/>
                <line num="72" count="15" type="stmt"/>
                <line num="73" count="15" type="stmt"/>
                <line num="74" count="15" type="stmt"/>
                <line num="75" count="15" type="stmt"/>
                <line num="76" count="15" type="stmt"/>
                <line num="77" count="1" type="stmt"/>
                <line num="98" count="1" type="stmt"/>
                <line num="101" count="1" type="cond" truecount="1" falsecount="0"/>
                <line num="102" count="11" type="stmt"/>
                <line num="103" count="11" type="stmt"/>
                <line num="104" count="11" type="stmt"/>
                <line num="105" count="11" type="stmt"/>
                <line num="106" count="11" type="stmt"/>
                <line num="107" count="11" type="stmt"/>
                <line num="108" count="1" type="stmt"/>
                <line num="132" count="1" type="stmt"/>
                <line num="135" count="1" type="cond" truecount="1" falsecount="0"/>
                <line num="136" count="15" type="stmt"/>
                <line num="137" count="15" type="stmt"/>
                <line num="138" count="15" type="stmt"/>
                <line num="139" count="15" type="stmt"/>
                <line num="140" count="15" type="stmt"/>
                <line num="141" count="15" type="stmt"/>
                <line num="142" count="15" type="stmt"/>
                <line num="143" count="15" type="stmt"/>
                <line num="144" count="15" type="stmt"/>
                <line num="145" count="1" type="stmt"/>
            </file>
            <file name="index.ts" path="/home/s1/Projects/datagaze/dgz-ui/src/ui/avatar/index.ts">
                <metrics statements="1" coveredstatements="1" conditionals="0" coveredconditionals="0" methods="0"
                         coveredmethods="0"/>
                <line num="1" count="1" type="stmt"/>
            </file>
        </package>
        <package name="dgz-ui.src.ui.badge">
            <metrics statements="80" coveredstatements="80" conditionals="5" coveredconditionals="2" methods="1"
                     coveredmethods="1"/>
            <file name="badge.tsx" path="/home/s1/Projects/datagaze/dgz-ui/src/ui/badge/badge.tsx">
                <metrics statements="79" coveredstatements="79" conditionals="5" coveredconditionals="2" methods="1"
                         coveredmethods="1"/>
                <line num="1" count="1" type="stmt"/>
                <line num="2" count="1" type="cond" truecount="1" falsecount="3"/>
                <line num="3" count="1" type="stmt"/>
                <line num="16" count="1" type="stmt"/>
                <line num="17" count="1" type="stmt"/>
                <line num="18" count="1" type="stmt"/>
                <line num="19" count="1" type="stmt"/>
                <line num="20" count="1" type="stmt"/>
                <line num="21" count="1" type="stmt"/>
                <line num="22" count="1" type="stmt"/>
                <line num="23" count="1" type="stmt"/>
                <line num="24" count="1" type="stmt"/>
                <line num="25" count="1" type="stmt"/>
                <line num="26" count="1" type="stmt"/>
                <line num="27" count="1" type="stmt"/>
                <line num="28" count="1" type="stmt"/>
                <line num="29" count="1" type="stmt"/>
                <line num="30" count="1" type="stmt"/>
                <line num="31" count="1" type="stmt"/>
                <line num="32" count="1" type="stmt"/>
                <line num="33" count="1" type="stmt"/>
                <line num="34" count="1" type="stmt"/>
                <line num="35" count="1" type="stmt"/>
                <line num="36" count="1" type="stmt"/>
                <line num="37" count="1" type="stmt"/>
                <line num="38" count="1" type="stmt"/>
                <line num="39" count="1" type="stmt"/>
                <line num="40" count="1" type="stmt"/>
                <line num="41" count="1" type="stmt"/>
                <line num="42" count="1" type="stmt"/>
                <line num="43" count="1" type="stmt"/>
                <line num="44" count="1" type="stmt"/>
                <line num="45" count="1" type="stmt"/>
                <line num="46" count="1" type="stmt"/>
                <line num="47" count="1" type="stmt"/>
                <line num="48" count="1" type="stmt"/>
                <line num="49" count="1" type="stmt"/>
                <line num="50" count="1" type="stmt"/>
                <line num="51" count="1" type="stmt"/>
                <line num="52" count="1" type="stmt"/>
                <line num="53" count="1" type="stmt"/>
                <line num="54" count="1" type="stmt"/>
                <line num="55" count="1" type="stmt"/>
                <line num="56" count="1" type="stmt"/>
                <line num="57" count="1" type="stmt"/>
                <line num="58" count="1" type="stmt"/>
                <line num="59" count="1" type="stmt"/>
                <line num="60" count="1" type="stmt"/>
                <line num="61" count="1" type="stmt"/>
                <line num="62" count="1" type="stmt"/>
                <line num="63" count="1" type="stmt"/>
                <line num="64" count="1" type="stmt"/>
                <line num="65" count="1" type="stmt"/>
                <line num="66" count="1" type="stmt"/>
                <line num="67" count="1" type="stmt"/>
                <line num="68" count="1" type="stmt"/>
                <line num="69" count="1" type="stmt"/>
                <line num="70" count="1" type="stmt"/>
                <line num="71" count="1" type="stmt"/>
                <line num="72" count="1" type="stmt"/>
                <line num="73" count="1" type="stmt"/>
                <line num="74" count="1" type="stmt"/>
                <line num="75" count="1" type="stmt"/>
                <line num="76" count="1" type="stmt"/>
                <line num="101" count="1" type="cond" truecount="1" falsecount="0"/>
                <line num="102" count="30" type="stmt"/>
                <line num="103" count="30" type="stmt"/>
                <line num="104" count="30" type="stmt"/>
                <line num="105" count="30" type="stmt"/>
                <line num="106" count="30" type="stmt"/>
                <line num="107" count="30" type="stmt"/>
                <line num="108" count="30" type="stmt"/>
                <line num="109" count="30" type="stmt"/>
                <line num="110" count="30" type="stmt"/>
                <line num="111" count="30" type="stmt"/>
                <line num="112" count="30" type="stmt"/>
                <line num="113" count="30" type="stmt"/>
                <line num="115" count="30" type="stmt"/>
                <line num="117" count="1" type="stmt"/>
            </file>
            <file name="index.ts" path="/home/s1/Projects/datagaze/dgz-ui/src/ui/badge/index.ts">
                <metrics statements="1" coveredstatements="1" conditionals="0" coveredconditionals="0" methods="0"
                         coveredmethods="0"/>
                <line num="1" count="1" type="stmt"/>
            </file>
        </package>
        <package name="dgz-ui.src.ui.breadcrumb">
            <metrics statements="75" coveredstatements="75" conditionals="11" coveredconditionals="8" methods="2"
                     coveredmethods="2"/>
            <file name="breadcrumb.tsx" path="/home/s1/Projects/datagaze/dgz-ui/src/ui/breadcrumb/breadcrumb.tsx">
                <metrics statements="74" coveredstatements="74" conditionals="11" coveredconditionals="8" methods="2"
                         coveredmethods="2"/>
                <line num="1" count="1" type="stmt"/>
                <line num="2" count="1" type="stmt"/>
                <line num="4" count="1" type="cond" truecount="1" falsecount="3"/>
                <line num="5" count="1" type="stmt"/>
                <line num="6" count="1" type="stmt"/>
                <line num="26" count="1" type="stmt"/>
                <line num="31" count="1" type="cond" truecount="1" falsecount="0"/>
                <line num="32" count="1" type="stmt"/>
                <line num="39" count="1" type="stmt"/>
                <line num="42" count="1" type="cond" truecount="1" falsecount="0"/>
                <line num="43" count="6" type="stmt"/>
                <line num="44" count="6" type="stmt"/>
                <line num="45" count="6" type="stmt"/>
                <line num="46" count="6" type="stmt"/>
                <line num="47" count="6" type="stmt"/>
                <line num="48" count="6" type="stmt"/>
                <line num="49" count="1" type="stmt"/>
                <line num="56" count="1" type="stmt"/>
                <line num="59" count="1" type="cond" truecount="1" falsecount="0"/>
                <line num="60" count="21" type="stmt"/>
                <line num="61" count="21" type="stmt"/>
                <line num="62" count="21" type="stmt"/>
                <line num="63" count="21" type="stmt"/>
                <line num="64" count="21" type="stmt"/>
                <line num="65" count="21" type="stmt"/>
                <line num="66" count="1" type="stmt"/>
                <line num="74" count="1" type="stmt"/>
                <line num="77" count="1" type="cond" truecount="1" falsecount="0"/>
                <line num="78" count="6" type="stmt"/>
                <line num="79" count="6" type="stmt"/>
                <line num="80" count="6" type="stmt"/>
                <line num="81" count="6" type="stmt"/>
                <line num="82" count="6" type="stmt"/>
                <line num="83" count="6" type="stmt"/>
                <line num="84" count="6" type="stmt"/>
                <line num="85" count="6" type="stmt"/>
                <line num="86" count="6" type="stmt"/>
                <line num="87" count="1" type="stmt"/>
                <line num="94" count="1" type="cond" truecount="1" falsecount="0"/>
                <line num="95" count="15" type="stmt"/>
                <line num="96" count="15" type="stmt"/>
                <line num="97" count="15" type="stmt"/>
                <line num="98" count="15" type="stmt"/>
                <line num="99" count="15" type="stmt"/>
                <line num="100" count="15" type="stmt"/>
                <line num="101" count="15" type="stmt"/>
                <line num="102" count="15" type="stmt"/>
                <line num="103" count="15" type="stmt"/>
                <line num="105" count="15" type="cond" truecount="1" falsecount="0"/>
                <line num="106" count="15" type="stmt"/>
                <line num="108" count="1" type="stmt"/>
                <line num="114" count="1" type="cond" truecount="1" falsecount="0"/>
                <line num="115" count="1" type="stmt"/>
                <line num="116" count="1" type="stmt"/>
                <line num="117" count="1" type="stmt"/>
                <line num="118" count="1" type="stmt"/>
                <line num="119" count="1" type="stmt"/>
                <line num="120" count="1" type="stmt"/>
                <line num="121" count="1" type="stmt"/>
                <line num="122" count="1" type="stmt"/>
                <line num="123" count="1" type="stmt"/>
                <line num="124" count="1" type="stmt"/>
                <line num="126" count="1" type="stmt"/>
                <line num="127" count="1" type="stmt"/>
                <line num="128" count="1" type="stmt"/>
                <line num="130" count="1" type="stmt"/>
                <line num="131" count="1" type="stmt"/>
                <line num="133" count="1" type="stmt"/>
                <line num="134" count="1" type="stmt"/>
                <line num="135" count="1" type="stmt"/>
                <line num="136" count="1" type="stmt"/>
                <line num="137" count="1" type="stmt"/>
                <line num="138" count="1" type="stmt"/>
                <line num="139" count="1" type="stmt"/>
            </file>
            <file name="index.ts" path="/home/s1/Projects/datagaze/dgz-ui/src/ui/breadcrumb/index.ts">
                <metrics statements="1" coveredstatements="1" conditionals="0" coveredconditionals="0" methods="0"
                         coveredmethods="0"/>
                <line num="1" count="1" type="stmt"/>
            </file>
        </package>
        <package name="dgz-ui.src.ui.button">
            <metrics statements="124" coveredstatements="124" conditionals="6" coveredconditionals="4" methods="3"
                     coveredmethods="3"/>
            <file name="button-group.tsx" path="/home/s1/Projects/datagaze/dgz-ui/src/ui/button/button-group.tsx">
                <metrics statements="71" coveredstatements="71" conditionals="4" coveredconditionals="3" methods="3"
                         coveredmethods="3"/>
                <line num="1" count="1" type="stmt"/>
                <line num="2" count="1" type="stmt"/>
                <line num="3" count="1" type="stmt"/>
                <line num="4" count="1" type="stmt"/>
                <line num="10" count="1" type="stmt"/>
                <line num="11" count="1" type="stmt"/>
                <line num="12" count="1" type="stmt"/>
                <line num="13" count="1" type="stmt"/>
                <line num="14" count="1" type="stmt"/>
                <line num="15" count="1" type="stmt"/>
                <line num="16" count="1" type="stmt"/>
                <line num="17" count="1" type="stmt"/>
                <line num="18" count="1" type="stmt"/>
                <line num="19" count="1" type="stmt"/>
                <line num="20" count="1" type="stmt"/>
                <line num="21" count="1" type="stmt"/>
                <line num="22" count="1" type="stmt"/>
                <line num="23" count="1" type="stmt"/>
                <line num="24" count="1" type="stmt"/>
                <line num="25" count="1" type="stmt"/>
                <line num="36" count="12" type="cond" truecount="1" falsecount="0"/>
                <line num="37" count="12" type="stmt"/>
                <line num="38" count="12" type="stmt"/>
                <line num="39" count="12" type="stmt"/>
                <line num="40" count="12" type="stmt"/>
                <line num="41" count="12" type="stmt"/>
                <line num="42" count="12" type="stmt"/>
                <line num="43" count="12" type="stmt"/>
                <line num="44" count="12" type="stmt"/>
                <line num="45" count="12" type="stmt"/>
                <line num="46" count="12" type="stmt"/>
                <line num="47" count="12" type="stmt"/>
                <line num="48" count="12" type="stmt"/>
                <line num="50" count="12" type="stmt"/>
                <line num="61" count="2" type="cond" truecount="1" falsecount="0"/>
                <line num="62" count="2" type="stmt"/>
                <line num="63" count="2" type="stmt"/>
                <line num="64" count="2" type="stmt"/>
                <line num="65" count="2" type="stmt"/>
                <line num="67" count="2" type="stmt"/>
                <line num="68" count="2" type="cond" truecount="0" falsecount="1"/>
                <line num="70" count="2" type="stmt"/>
                <line num="71" count="2" type="stmt"/>
                <line num="72" count="2" type="stmt"/>
                <line num="73" count="2" type="stmt"/>
                <line num="74" count="2" type="stmt"/>
                <line num="75" count="2" type="stmt"/>
                <line num="76" count="2" type="stmt"/>
                <line num="77" count="2" type="stmt"/>
                <line num="79" count="2" type="stmt"/>
                <line num="90" count="2" type="cond" truecount="1" falsecount="0"/>
                <line num="91" count="2" type="stmt"/>
                <line num="92" count="2" type="stmt"/>
                <line num="93" count="2" type="stmt"/>
                <line num="94" count="2" type="stmt"/>
                <line num="95" count="2" type="stmt"/>
                <line num="96" count="2" type="stmt"/>
                <line num="97" count="2" type="stmt"/>
                <line num="98" count="2" type="stmt"/>
                <line num="99" count="2" type="stmt"/>
                <line num="100" count="2" type="stmt"/>
                <line num="101" count="2" type="stmt"/>
                <line num="102" count="2" type="stmt"/>
                <line num="103" count="2" type="stmt"/>
                <line num="104" count="2" type="stmt"/>
                <line num="106" count="2" type="stmt"/>
                <line num="108" count="1" type="stmt"/>
                <line num="109" count="1" type="stmt"/>
                <line num="110" count="1" type="stmt"/>
                <line num="111" count="1" type="stmt"/>
                <line num="112" count="1" type="stmt"/>
            </file>
            <file name="button.tsx" path="/home/s1/Projects/datagaze/dgz-ui/src/ui/button/button.tsx">
                <metrics statements="51" coveredstatements="51" conditionals="2" coveredconditionals="1" methods="0"
                         coveredmethods="0"/>
                <line num="1" count="1" type="stmt"/>
                <line num="2" count="1" type="stmt"/>
                <line num="3" count="1" type="stmt"/>
                <line num="4" count="1" type="stmt"/>
                <line num="13" count="1" type="stmt"/>
                <line num="14" count="1" type="stmt"/>
                <line num="15" count="1" type="stmt"/>
                <line num="16" count="1" type="stmt"/>
                <line num="17" count="1" type="stmt"/>
                <line num="18" count="1" type="stmt"/>
                <line num="19" count="1" type="stmt"/>
                <line num="20" count="1" type="stmt"/>
                <line num="21" count="1" type="stmt"/>
                <line num="22" count="1" type="stmt"/>
                <line num="23" count="1" type="stmt"/>
                <line num="24" count="1" type="stmt"/>
                <line num="25" count="1" type="stmt"/>
                <line num="26" count="1" type="stmt"/>
                <line num="27" count="1" type="stmt"/>
                <line num="28" count="1" type="stmt"/>
                <line num="29" count="1" type="stmt"/>
                <line num="30" count="1" type="stmt"/>
                <line num="31" count="1" type="stmt"/>
                <line num="32" count="1" type="stmt"/>
                <line num="33" count="1" type="stmt"/>
                <line num="34" count="1" type="stmt"/>
                <line num="35" count="1" type="stmt"/>
                <line num="36" count="1" type="stmt"/>
                <line num="37" count="1" type="stmt"/>
                <line num="38" count="1" type="stmt"/>
                <line num="39" count="1" type="stmt"/>
                <line num="40" count="1" type="stmt"/>
                <line num="41" count="1" type="stmt"/>
                <line num="42" count="1" type="stmt"/>
                <line num="43" count="1" type="stmt"/>
                <line num="44" count="1" type="stmt"/>
                <line num="45" count="1" type="stmt"/>
                <line num="46" count="1" type="stmt"/>
                <line num="47" count="1" type="stmt"/>
                <line num="80" count="1" type="stmt"/>
                <line num="81" count="1" type="cond" truecount="1" falsecount="0"/>
                <line num="82" count="279" type="cond" truecount="0" falsecount="1"/>
                <line num="83" count="279" type="stmt"/>
                <line num="84" count="279" type="stmt"/>
                <line num="85" count="279" type="stmt"/>
                <line num="86" count="279" type="stmt"/>
                <line num="87" count="279" type="stmt"/>
                <line num="88" count="279" type="stmt"/>
                <line num="90" count="279" type="stmt"/>
                <line num="91" count="1" type="stmt"/>
                <line num="93" count="1" type="stmt"/>
            </file>
            <file name="index.ts" path="/home/s1/Projects/datagaze/dgz-ui/src/ui/button/index.ts">
                <metrics statements="2" coveredstatements="2" conditionals="0" coveredconditionals="0" methods="0"
                         coveredmethods="0"/>
                <line num="1" count="1" type="stmt"/>
                <line num="2" count="1" type="stmt"/>
            </file>
        </package>
        <package name="dgz-ui.src.ui.calendar">
            <metrics statements="431" coveredstatements="403" conditionals="45" coveredconditionals="41" methods="16"
                     coveredmethods="6"/>
            <file name="calendar.tsx" path="/home/s1/Projects/datagaze/dgz-ui/src/ui/calendar/calendar.tsx">
                <metrics statements="283" coveredstatements="269" conditionals="30" coveredconditionals="29" methods="9"
                         coveredmethods="4"/>
                <line num="1" count="1" type="stmt"/>
                <line num="2" count="1" type="stmt"/>
                <line num="4" count="1" type="stmt"/>
                <line num="5" count="1" type="stmt"/>
                <line num="6" count="1" type="stmt"/>
                <line num="7" count="1" type="stmt"/>
                <line num="8" count="1" type="stmt"/>
                <line num="9" count="1" type="stmt"/>
                <line num="10" count="1" type="stmt"/>
                <line num="11" count="1" type="stmt"/>
                <line num="14" count="1" type="stmt"/>
                <line num="15" count="1" type="stmt"/>
                <line num="16" count="1" type="stmt"/>
                <line num="17" count="1" type="stmt"/>
                <line num="19" count="1" type="stmt"/>
                <line num="20" count="1" type="stmt"/>
                <line num="21" count="1" type="stmt"/>
                <line num="26" count="1" type="stmt"/>
                <line num="67" count="1" type="cond" truecount="1" falsecount="0"/>
                <line num="68" count="12" type="stmt"/>
                <line num="69" count="12" type="stmt"/>
                <line num="70" count="12" type="stmt"/>
                <line num="71" count="12" type="stmt"/>
                <line num="72" count="12" type="stmt"/>
                <line num="73" count="12" type="stmt"/>
                <line num="74" count="12" type="stmt"/>
                <line num="75" count="12" type="stmt"/>
                <line num="76" count="0" type="stmt"/>
                <line num="77" count="0" type="stmt"/>
                <line num="78" count="0" type="stmt"/>
                <line num="79" count="12" type="stmt"/>
                <line num="80" count="12" type="stmt"/>
                <line num="82" count="12" type="stmt"/>
                <line num="83" count="12" type="stmt"/>
                <line num="84" count="0" type="stmt"/>
                <line num="85" count="0" type="stmt"/>
                <line num="86" count="0" type="stmt"/>
                <line num="87" count="12" type="stmt"/>
                <line num="88" count="12" type="stmt"/>
                <line num="90" count="12" type="stmt"/>
                <line num="91" count="12" type="stmt"/>
                <line num="92" count="12" type="stmt"/>
                <line num="93" count="12" type="stmt"/>
                <line num="94" count="12" type="stmt"/>
                <line num="95" count="12" type="stmt"/>
                <line num="96" count="12" type="cond" truecount="1" falsecount="0"/>
                <line num="98" count="12" type="stmt"/>
                <line num="99" count="12" type="stmt"/>
                <line num="100" count="12" type="cond" truecount="1" falsecount="0"/>
                <line num="101" count="2" type="stmt"/>
                <line num="102" count="2" type="stmt"/>
                <line num="104" count="2" type="stmt"/>
                <line num="105" count="2" type="stmt"/>
                <line num="106" count="2" type="stmt"/>
                <line num="107" count="2" type="stmt"/>
                <line num="108" count="2" type="cond" truecount="1" falsecount="0"/>
                <line num="109" count="24" type="stmt"/>
                <line num="110" count="24" type="stmt"/>
                <line num="111" count="24" type="stmt"/>
                <line num="112" count="24" type="stmt"/>
[...]
                <metrics statements="11" coveredstatements="11" conditionals="1" coveredconditionals="1" methods="1"
                         coveredmethods="1"/>
                <line num="1" count="1" type="stmt"/>
                <line num="9" count="1" type="cond" truecount="1" falsecount="0"/>
                <line num="10" count="52" type="stmt"/>
                <line num="11" count="52" type="stmt"/>
                <line num="12" count="52" type="stmt"/>
                <line num="13" count="52" type="stmt"/>
                <line num="14" count="52" type="stmt"/>
                <line num="15" count="52" type="stmt"/>
                <line num="16" count="52" type="stmt"/>
                <line num="17" count="52" type="stmt"/>
                <line num="19" count="52" type="stmt"/>
            </file>
        </package>
        <package name="dgz-ui.src.ui.tab">
            <metrics statements="174" coveredstatements="173" conditionals="19" coveredconditionals="17" methods="4"
                     coveredmethods="2"/>
            <file name="index.ts" path="/home/s1/Projects/datagaze/dgz-ui/src/ui/tab/index.ts">
                <metrics statements="1" coveredstatements="0" conditionals="1" coveredconditionals="0" methods="1"
                         coveredmethods="0"/>
                <line num="1" count="0" type="cond" truecount="0" falsecount="1"/>
            </file>
            <file name="tabs.tsx" path="/home/s1/Projects/datagaze/dgz-ui/src/ui/tab/tabs.tsx">
                <metrics statements="173" coveredstatements="173" conditionals="18" coveredconditionals="17" methods="3"
                         coveredmethods="2"/>
                <line num="1" count="1" type="stmt"/>
                <line num="2" count="1" type="stmt"/>
                <line num="3" count="1" type="stmt"/>
                <line num="4" count="1" type="stmt"/>
                <line num="7" count="1" type="stmt"/>
                <line num="8" count="1" type="stmt"/>
                <line num="9" count="1" type="stmt"/>
                <line num="10" count="1" type="stmt"/>
                <line num="11" count="1" type="stmt"/>
                <line num="12" count="1" type="stmt"/>
                <line num="13" count="1" type="stmt"/>
                <line num="14" count="1" type="stmt"/>
                <line num="20" count="1" type="stmt"/>
                <line num="22" count="1" type="stmt"/>
                <line num="23" count="1" type="stmt"/>
                <line num="24" count="1" type="stmt"/>
                <line num="25" count="1" type="stmt"/>
                <line num="26" count="1" type="stmt"/>
                <line num="27" count="1" type="stmt"/>
                <line num="28" count="1" type="stmt"/>
                <line num="29" count="1" type="stmt"/>
                <line num="30" count="1" type="stmt"/>
                <line num="31" count="1" type="stmt"/>
                <line num="32" count="1" type="stmt"/>
                <line num="33" count="1" type="stmt"/>
                <line num="34" count="1" type="stmt"/>
                <line num="35" count="1" type="stmt"/>
                <line num="36" count="1" type="stmt"/>
                <line num="37" count="1" type="stmt"/>
                <line num="38" count="1" type="stmt"/>
                <line num="39" count="1" type="stmt"/>
                <line num="40" count="1" type="stmt"/>
                <line num="41" count="1" type="stmt"/>
                <line num="42" count="1" type="stmt"/>
                <line num="43" count="1" type="stmt"/>
                <line num="44" count="1" type="stmt"/>
                <line num="45" count="1" type="stmt"/>
                <line num="46" count="1" type="stmt"/>
                <line num="73" count="1" type="stmt"/>
                <line num="77" count="1" type="cond" truecount="1" falsecount="0"/>
                <line num="78" count="10" type="stmt"/>
                <line num="79" count="10" type="stmt"/>
                <line num="80" count="10" type="stmt"/>
                <line num="81" count="10" type="stmt"/>
                <line num="82" count="10" type="stmt"/>
                <line num="83" count="10" type="stmt"/>
                <line num="84" count="10" type="stmt"/>
                <line num="85" count="10" type="stmt"/>
                <line num="86" count="10" type="stmt"/>
                <line num="87" count="10" type="stmt"/>
                <line num="88" count="10" type="stmt"/>
                <line num="89" count="10" type="stmt"/>
                <line num="90" count="10" type="stmt"/>
                <line num="91" count="10" type="stmt"/>
                <line num="92" count="10" type="stmt"/>
                <line num="94" count="10" type="cond" truecount="1" falsecount="0"/>
                <line num="95" count="17" type="stmt"/>
                <line num="96" count="17" type="stmt"/>
                <line num="97" count="17" type="stmt"/>
                <line num="98" count="17" type="stmt"/>
                <line num="99" count="17" type="stmt"/>
                <line num="100" count="17" type="stmt"/>
                <line num="101" count="10" type="stmt"/>
                <line num="103" count="10" type="cond" truecount="1" falsecount="0"/>
                <line num="104" count="7" type="cond" truecount="1" falsecount="0"/>
                <line num="105" count="1" type="stmt"/>
                <line num="106" count="1" type="stmt"/>
                <line num="107" count="1" type="stmt"/>
                <line num="108" count="1" type="stmt"/>
                <line num="109" count="1" type="stmt"/>
                <line num="110" count="10" type="stmt"/>
                <line num="112" count="10" type="cond" truecount="1" falsecount="0"/>
                <line num="113" count="1" type="stmt"/>
                <line num="114" count="1" type="stmt"/>
                <line num="115" count="1" type="stmt"/>
                <line num="116" count="1" type="stmt"/>
                <line num="118" count="10" type="cond" truecount="1" falsecount="0"/>
                <line num="119" count="1" type="stmt"/>
                <line num="120" count="1" type="stmt"/>
                <line num="121" count="1" type="stmt"/>
                <line num="122" count="1" type="stmt"/>
                <line num="124" count="10" type="cond" truecount="1" falsecount="0"/>
                <line num="125" count="4" type="stmt"/>
                <line num="126" count="4" type="stmt"/>
                <line num="128" count="4" type="cond" truecount="1" falsecount="0"/>
                <line num="129" count="2" type="stmt"/>
                <line num="130" count="2" type="stmt"/>
                <line num="131" count="2" type="stmt"/>
                <line num="132" count="2" type="stmt"/>
                <line num="133" count="2" type="stmt"/>
                <line num="134" count="2" type="stmt"/>
                <line num="135" count="2" type="stmt"/>
                <line num="136" count="2" type="stmt"/>
                <line num="137" count="2" type="stmt"/>
                <line num="138" count="2" type="stmt"/>
                <line num="140" count="2" type="stmt"/>
                <line num="141" count="2" type="stmt"/>
                <line num="145" count="4" type="stmt"/>
                <line num="146" count="4" type="stmt"/>
                <line num="147" count="4" type="stmt"/>
                <line num="148" count="4" type="stmt"/>
                <line num="149" count="4" type="stmt"/>
                <line num="150" count="4" type="stmt"/>
                <line num="151" count="4" type="cond" truecount="2" falsecount="0"/>
                <line num="152" count="4" type="cond" truecount="2" falsecount="0"/>
                <line num="153" count="4" type="stmt"/>
                <line num="154" count="4" type="stmt"/>
                <line num="156" count="4" type="stmt"/>
                <line num="157" count="4" type="stmt"/>
                <line num="158" count="4" type="stmt"/>
                <line num="159" count="4" type="cond" truecount="0" falsecount="1"/>
                <line num="160" count="4" type="stmt"/>
                <line num="161" count="4" type="stmt"/>
                <line num="162" count="4" type="stmt"/>
                <line num="163" count="4" type="stmt"/>
                <line num="164" count="4" type="stmt"/>
                <line num="165" count="4" type="stmt"/>
                <line num="168" count="4" type="cond" truecount="1" falsecount="0"/>
                <line num="169" count="3" type="stmt"/>
                <line num="170" count="3" type="stmt"/>
                <line num="171" count="3" type="stmt"/>
                <line num="172" count="3" type="stmt"/>
                <line num="173" count="3" type="stmt"/>
                <line num="174" count="3" type="stmt"/>
                <line num="175" count="3" type="stmt"/>
                <line num="176" count="3" type="stmt"/>
                <line num="177" count="3" type="stmt"/>
                <line num="178" count="3" type="stmt"/>
                <line num="180" count="3" type="stmt"/>
                <line num="181" count="3" type="stmt"/>
                <line num="184" count="4" type="stmt"/>
                <line num="188" count="4" type="stmt"/>
                <line num="189" count="4" type="stmt"/>
                <line num="191" count="4" type="cond" truecount="1" falsecount="0"/>
                <line num="193" count="6" type="stmt"/>
                <line num="194" count="6" type="stmt"/>
                <line num="195" count="6" type="stmt"/>
                <line num="196" count="6" type="stmt"/>
                <line num="197" count="10" type="cond" truecount="1" falsecount="0"/>
                <line num="198" count="10" type="stmt"/>
                <line num="199" count="10" type="stmt"/>
                <line num="200" count="10" type="stmt"/>
                <line num="201" count="10" type="stmt"/>
                <line num="203" count="10" type="stmt"/>
                <line num="204" count="1" type="stmt"/>
                <line num="205" count="1" type="stmt"/>
                <line num="212" count="1" type="stmt"/>
                <line num="215" count="1" type="cond" truecount="1" falsecount="0"/>
                <line num="216" count="28" type="stmt"/>
                <line num="217" count="28" type="stmt"/>
                <line num="218" count="28" type="stmt"/>
                <line num="219" count="28" type="stmt"/>
                <line num="220" count="28" type="stmt"/>
                <line num="221" count="28" type="stmt"/>
                <line num="222" count="28" type="stmt"/>
                <line num="223" count="28" type="stmt"/>
                <line num="224" count="28" type="stmt"/>
                <line num="225" count="28" type="stmt"/>
                <line num="226" count="28" type="stmt"/>
                <line num="227" count="1" type="stmt"/>
                <line num="234" count="1" type="stmt"/>
                <line num="237" count="1" type="cond" truecount="1" falsecount="0"/>
                <line num="238" count="28" type="stmt"/>
                <line num="239" count="28" type="stmt"/>
                <line num="240" count="28" type="stmt"/>
                <line num="241" count="28" type="stmt"/>
                <line num="242" count="28" type="stmt"/>
                <line num="243" count="28" type="stmt"/>
                <line num="244" count="28" type="stmt"/>
                <line num="245" count="28" type="stmt"/>
                <line num="246" count="28" type="stmt"/>
                <line num="247" count="1" type="stmt"/>
                <line num="249" count="1" type="stmt"/>
            </file>
        </package>
        <package name="dgz-ui.src.ui.table">
            <metrics statements="91" coveredstatements="91" conditionals="8" coveredconditionals="8" methods="0"
                     coveredmethods="0"/>
            <file name="index.ts" path="/home/s1/Projects/datagaze/dgz-ui/src/ui/table/index.ts">
                <metrics statements="1" coveredstatements="1" conditionals="0" coveredconditionals="0" methods="0"
                         coveredmethods="0"/>
                <line num="1" count="1" type="stmt"/>
            </file>
            <file name="table.tsx" path="/home/s1/Projects/datagaze/dgz-ui/src/ui/table/table.tsx">
                <metrics statements="90" coveredstatements="90" conditionals="8" coveredconditionals="8" methods="0"
                         coveredmethods="0"/>
                <line num="1" count="1" type="stmt"/>
                <line num="2" count="1" type="stmt"/>
                <line num="6" count="1" type="stmt"/>
                <line num="7" count="1" type="stmt"/>
                <line num="13" count="1" type="stmt"/>
                <line num="14" count="1" type="cond" truecount="1" falsecount="0"/>
                <line num="15" count="5" type="stmt"/>
                <line num="16" count="5" type="stmt"/>
                <line num="17" count="5" type="stmt"/>
                <line num="18" count="5" type="stmt"/>
                <line num="19" count="5" type="stmt"/>
                <line num="21" count="1" type="stmt"/>
                <line num="22" count="1" type="stmt"/>
                <line num="28" count="1" type="stmt"/>
                <line num="31" count="1" type="cond" truecount="1" falsecount="0"/>
                <line num="32" count="5" type="stmt"/>
                <line num="33" count="1" type="stmt"/>
                <line num="34" count="1" type="stmt"/>
                <line num="40" count="1" type="stmt"/>
                <line num="43" count="1" type="cond" truecount="1" falsecount="0"/>
                <line num="44" count="5" type="stmt"/>
                <line num="45" count="5" type="stmt"/>
                <line num="46" count="5" type="stmt"/>
                <line num="47" count="5" type="stmt"/>
                <line num="48" count="5" type="stmt"/>
                <line num="49" count="5" type="stmt"/>
                <line num="50" count="1" type="stmt"/>
                <line num="56" count="1" type="stmt"/>
                <line num="59" count="1" type="cond" truecount="1" falsecount="0"/>
                <line num="60" count="1" type="stmt"/>
                <line num="61" count="1" type="stmt"/>
                <line num="62" count="1" type="stmt"/>
                <line num="63" count="1" type="stmt"/>
                <line num="64" count="1" type="stmt"/>
                <line num="65" count="1" type="stmt"/>
                <line num="66" count="1" type="stmt"/>
                <line num="67" count="1" type="stmt"/>
                <line num="68" count="1" type="stmt"/>
                <line num="69" count="1" type="stmt"/>
                <line num="75" count="1" type="stmt"/>
                <line num="78" count="1" type="cond" truecount="1" falsecount="0"/>
                <line num="79" count="22" type="stmt"/>
                <line num="80" count="22" type="stmt"/>
                <line num="81" count="22" type="stmt"/>
                <line num="82" count="22" type="stmt"/>
                <line num="83" count="22" type="stmt"/>
                <line num="84" count="22" type="stmt"/>
                <line num="85" count="22" type="stmt"/>
                <line num="86" count="22" type="stmt"/>
                <line num="87" count="22" type="stmt"/>
                <line num="88" count="1" type="stmt"/>
                <line num="94" count="1" type="stmt"/>
                <line num="97" count="1" type="cond" truecount="1" falsecount="0"/>
                <line num="98" count="19" type="stmt"/>
                <line num="99" count="19" type="stmt"/>
                <line num="100" count="19" type="stmt"/>
                <line num="101" count="19" type="stmt"/>
                <line num="102" count="19" type="stmt"/>
                <line num="103" count="19" type="stmt"/>
                <line num="104" count="19" type="stmt"/>
                <line num="105" count="19" type="stmt"/>
                <line num="106" count="19" type="stmt"/>
                <line num="107" count="1" type="stmt"/>
                <line num="113" count="1" type="stmt"/>
                <line num="116" count="1" type="cond" truecount="1" falsecount="0"/>
                <line num="117" count="63" type="stmt"/>
                <line num="118" count="63" type="stmt"/>
                <line num="119" count="63" type="stmt"/>
                <line num="120" count="63" type="stmt"/>
                <line num="121" count="63" type="stmt"/>
                <line num="122" count="63" type="stmt"/>
                <line num="123" count="1" type="stmt"/>
                <line num="129" count="1" type="stmt"/>
                <line num="132" count="1" type="cond" truecount="1" falsecount="0"/>
                <line num="133" count="1" type="stmt"/>
                <line num="134" count="1" type="stmt"/>
                <line num="135" count="1" type="stmt"/>
                <line num="136" count="1" type="stmt"/>
                <line num="137" count="1" type="stmt"/>
                <line num="138" count="1" type="stmt"/>
                <line num="139" count="1" type="stmt"/>
                <line num="141" count="1" type="stmt"/>
                <line num="142" count="1" type="stmt"/>
                <line num="143" count="1" type="stmt"/>
                <line num="144" count="1" type="stmt"/>
                <line num="145" count="1" type="stmt"/>
                <line num="146" count="1" type="stmt"/>
                <line num="147" count="1" type="stmt"/>
                <line num="148" count="1" type="stmt"/>
                <line num="149" count="1" type="stmt"/>
            </file>
        </package>
        <package name="dgz-ui.src.ui.tooltip">
            <metrics statements="21" coveredstatements="21" conditionals="5" coveredconditionals="2" methods="0"
                     coveredmethods="0"/>
            <file name="index.ts" path="/home/s1/Projects/datagaze/dgz-ui/src/ui/tooltip/index.ts">
                <metrics statements="1" coveredstatements="1" conditionals="0" coveredconditionals="0" methods="0"
                         coveredmethods="0"/>
                <line num="1" count="1" type="stmt"/>
            </file>
            <file name="tooltip.tsx" path="/home/s1/Projects/datagaze/dgz-ui/src/ui/tooltip/tooltip.tsx">
                <metrics statements="20" coveredstatements="20" conditionals="5" coveredconditionals="2" methods="0"
                         coveredmethods="0"/>
                <line num="3" count="1" type="stmt"/>
                <line num="4" count="1" type="cond" truecount="1" falsecount="3"/>
                <line num="5" count="1" type="stmt"/>
                <line num="10" count="1" type="stmt"/>
                <line num="12" count="1" type="stmt"/>
                <line num="14" count="1" type="stmt"/>
                <line num="20" count="1" type="stmt"/>
                <line num="23" count="1" type="cond" truecount="1" falsecount="0"/>
                <line num="24" count="10" type="stmt"/>
                <line num="25" count="10" type="stmt"/>
                <line num="26" count="10" type="stmt"/>
                <line num="27" count="10" type="stmt"/>
                <line num="28" count="10" type="stmt"/>
                <line num="29" count="10" type="stmt"/>
                <line num="30" count="10" type="stmt"/>
                <line num="31" count="10" type="stmt"/>
                <line num="32" count="10" type="stmt"/>
                <line num="33" count="10" type="stmt"/>
                <line num="34" count="1" type="stmt"/>
                <line num="36" count="1" type="stmt"/>
            </file>
        </package>
    </project>
</coverage>
